<?xml version="1.0" encoding="UTF-8"?>
<!-- Generated by org.testng.reporters.JUnitReportReporter -->
<testsuite skipped="0" hostname="DESKTOP-9EU580V" name="testNG.FirstTest" tests="2" failures="0" timestamp="2022-12-01T12:18:43 CST" time="0.012" errors="0">
  <testcase name="betatest" time="0.007" classname="testNG.FirstTest"/>
  <system-out/>
  <testcase name="alphatest" time="0.005" classname="testNG.FirstTest"/>
  <system-out/>
</testsuite> <!-- testNG.FirstTest -->
