<?xml version="1.0" encoding="UTF-8"?>
<!-- Generated by org.testng.reporters.JUnitReportReporter -->
<testsuite skipped="0" hostname="DESKTOP-9EU580V" name="testNGdemo.NewSecondTest" tests="1" failures="0" timestamp="2022-12-01T12:15:37 CST" time="0.003" errors="0">
  <testcase name="alphatest" time="0.003" classname="testNGdemo.NewSecondTest"/>
  <system-out/>
</testsuite> <!-- testNGdemo.NewSecondTest -->
