<?xml version="1.0" encoding="UTF-8"?>
<!-- Generated by org.testng.reporters.JUnitReportReporter -->
<testsuite skipped="0" hostname="DESKTOP-9EU580V" name="newPackageWithTestNG.TitleChecking" tests="1" failures="0" timestamp="2022-12-01T12:20:01 CST" time="26.885" errors="0">
  <testcase name="titleChecking" time="26.885" classname="newPackageWithTestNG.TitleChecking"/>
  <system-out/>
</testsuite> <!-- newPackageWithTestNG.TitleChecking -->
