<?xml version="1.0" encoding="UTF-8"?>
<!-- Generated by org.testng.reporters.JUnitReportReporter -->
<testsuite skipped="0" hostname="DESKTOP-9EU580V" name="newPackageWithTestNG.DataProviderclass" tests="2" failures="0" timestamp="2022-12-20T11:58:52 CST" time="36.375" errors="0">
  <testcase name="test" time="8.601" classname="newPackageWithTestNG.DataProviderclass"/>
  <system-out/>
  <testcase name="test" time="27.774" classname="newPackageWithTestNG.DataProviderclass"/>
  <system-out/>
</testsuite> <!-- newPackageWithTestNG.DataProviderclass -->
