<?xml version="1.0" encoding="UTF-8"?>
<!-- Generated by org.testng.reporters.JUnitReportReporter -->
<testsuite skipped="0" hostname="DESKTOP-9EU580V" name="newPackageWithTestNG.ParameterDemo" tests="2" failures="0" timestamp="2022-12-14T21:50:23 CST" time="21.735" errors="0">
  <testcase name="urlTest" time="14.334" classname="newPackageWithTestNG.ParameterDemo"/>
  <system-out/>
  <testcase name="titleTest" time="7.401" classname="newPackageWithTestNG.ParameterDemo"/>
  <system-out/>
</testsuite> <!-- newPackageWithTestNG.ParameterDemo -->
