<?xml version="1.0" encoding="UTF-8"?>
<!-- Generated by org.testng.reporters.JUnitReportReporter -->
<testsuite skipped="1" hostname="DESKTOP-9EU580V" name="testNG.SecondTest" tests="2" failures="0" timestamp="2022-12-01T00:18:33 CST" time="0.012" errors="0">
  <testcase name="betatest" time="0.012" classname="testNG.SecondTest"/>
  <system-out/>
  <testcase name="alphatest" classname="testNG.SecondTest">
    <skipped/>
  </testcase> <!-- alphatest -->
  <system-out/>
</testsuite> <!-- testNG.SecondTest -->
